# JRE version: OpenJDK Runtime Environment (8.0_202) (build 1.8.0_202-release-1483-b49-5587405)
# Java VM: OpenJDK 64-Bit Server VM (25.202-b49-5587405 mixed mode linux-amd64 compressed oops)
Heap:
 PSYoungGen      total 186880K, used 20980K [0x00000000e0000000, 0x00000000ed080000, 0x0000000100000000)
  eden space 165888K, 0% used [0x00000000e0000000,0x00000000e0000000,0x00000000ea200000)
  from space 20992K, 99% used [0x00000000ea200000,0x00000000eb67d320,0x00000000eb680000)
  to   space 16896K, 0% used [0x00000000eb680000,0x00000000eb680000,0x00000000ec700000)
 ParOldGen       total 92672K, used 31865K [0x00000000a0000000, 0x00000000a5a80000, 0x00000000e0000000)
  object space 92672K, 34% used [0x00000000a0000000,0x00000000a1f1e478,0x00000000a5a80000)
 Metaspace       used 57048K, capacity 59004K, committed 59136K, reserved 1099776K
  class space    used 7769K, capacity 8321K, committed 8448K, reserved 1048576K
GC Heap History (10 events):
Event: 8.242 GC heap after
Heap after GC invocations=8 (full 1):
 PSYoungGen      total 131072K, used 10740K [0x00000000e0000000, 0x00000000e9c00000, 0x0000000100000000)
  eden space 119296K, 0% used [0x00000000e0000000,0x00000000e0000000,0x00000000e7480000)
  from space 11776K, 91% used [0x00000000e7480000,0x00000000e7efd1d8,0x00000000e8000000)
  to   space 12800K, 0% used [0x00000000e8f80000,0x00000000e8f80000,0x00000000e9c00000)
 ParOldGen       total 62976K, used 11077K [0x00000000a0000000, 0x00000000a3d80000, 0x00000000e0000000)
  object space 62976K, 17% used [0x00000000a0000000,0x00000000a0ad1510,0x00000000a3d80000)
 Metaspace       used 33157K, capacity 33832K, committed 34048K, reserved 1079296K
  class space    used 4575K, capacity 4791K, committed 4864K, reserved 1048576K
}
Event: 8.918 GC heap before
{Heap before GC invocations=9 (full 1):
 PSYoungGen      total 131072K, used 47424K [0x00000000e0000000, 0x00000000e9c00000, 0x0000000100000000)
  eden space 119296K, 30% used [0x00000000e0000000,0x00000000e23d3010,0x00000000e7480000)
  from space 11776K, 91% used [0x00000000e7480000,0x00000000e7efd1d8,0x00000000e8000000)
  to   space 12800K, 0% used [0x00000000e8f80000,0x00000000e8f80000,0x00000000e9c00000)
 ParOldGen       total 62976K, used 11077K [0x00000000a0000000, 0x00000000a3d80000, 0x00000000e0000000)
  object space 62976K, 17% used [0x00000000a0000000,0x00000000a0ad1510,0x00000000a3d80000)
 Metaspace       used 34474K, capacity 35432K, committed 35496K, reserved 1079296K
  class space    used 4774K, capacity 5094K, committed 5120K, reserved 1048576K
Event: 8.936 GC heap after
Heap after GC invocations=9 (full 1):
 PSYoungGen      total 145920K, used 11355K [0x00000000e0000000, 0x00000000ec880000, 0x0000000100000000)
  eden space 133120K, 0% used [0x00000000e0000000,0x00000000e0000000,0x00000000e8200000)
  from space 12800K, 88% used [0x00000000e8f80000,0x00000000e9a96d98,0x00000000e9c00000)
  to   space 13824K, 0% used [0x00000000e8200000,0x00000000e8200000,0x00000000e8f80000)
 ParOldGen       total 62976K, used 11085K [0x00000000a0000000, 0x00000000a3d80000, 0x00000000e0000000)
  object space 62976K, 17% used [0x00000000a0000000,0x00000000a0ad3510,0x00000000a3d80000)
 Metaspace       used 34474K, capacity 35432K, committed 35496K, reserved 1079296K
  class space    used 4774K, capacity 5094K, committed 5120K, reserved 1048576K
}
Event: 8.936 GC heap before
{Heap before GC invocations=10 (full 2):
 PSYoungGen      total 145920K, used 11355K [0x00000000e0000000, 0x00000000ec880000, 0x0000000100000000)
  eden space 133120K, 0% used [0x00000000e0000000,0x00000000e0000000,0x00000000e8200000)
  from space 12800K, 88% used [0x00000000e8f80000,0x00000000e9a96d98,0x00000000e9c00000)
  to   space 13824K, 0% used [0x00000000e8200000,0x00000000e8200000,0x00000000e8f80000)
 ParOldGen       total 62976K, used 11085K [0x00000000a0000000, 0x00000000a3d80000, 0x00000000e0000000)
  object space 62976K, 17% used [0x00000000a0000000,0x00000000a0ad3510,0x00000000a3d80000)
 Metaspace       used 34474K, capacity 35432K, committed 35496K, reserved 1079296K
  class space    used 4774K, capacity 5094K, committed 5120K, reserved 1048576K
Event: 9.021 GC heap after
Heap after GC invocations=10 (full 2):
 PSYoungGen      total 145920K, used 0K [0x00000000e0000000, 0x00000000ec880000, 0x0000000100000000)
  eden space 133120K, 0% used [0x00000000e0000000,0x00000000e0000000,0x00000000e8200000)
  from space 12800K, 0% used [0x00000000e8f80000,0x00000000e8f80000,0x00000000e9c00000)
  to   space 13824K, 0% used [0x00000000e8200000,0x00000000e8200000,0x00000000e8f80000)
 ParOldGen       total 92672K, used 18213K [0x00000000a0000000, 0x00000000a5a80000, 0x00000000e0000000)
  object space 92672K, 19% used [0x00000000a0000000,0x00000000a11c97d8,0x00000000a5a80000)
 Metaspace       used 34467K, capacity 35408K, committed 35496K, reserved 1079296K
  class space    used 4772K, capacity 5090K, committed 5120K, reserved 1048576K
}
Event: 11.342 GC heap before
{Heap before GC invocations=11 (full 2):
 PSYoungGen      total 145920K, used 133120K [0x00000000e0000000, 0x00000000ec880000, 0x0000000100000000)
  eden space 133120K, 100% used [0x00000000e0000000,0x00000000e8200000,0x00000000e8200000)
  from space 12800K, 0% used [0x00000000e8f80000,0x00000000e8f80000,0x00000000e9c00000)
  to   space 13824K, 0% used [0x00000000e8200000,0x00000000e8200000,0x00000000e8f80000)
 ParOldGen       total 92672K, used 18213K [0x00000000a0000000, 0x00000000a5a80000, 0x00000000e0000000)
  object space 92672K, 19% used [0x00000000a0000000,0x00000000a11c97d8,0x00000000a5a80000)
 Metaspace       used 45661K, capacity 46838K, committed 46976K, reserved 1089536K
  class space    used 6159K, capacity 6516K, committed 6528K, reserved 1048576K
Event: 11.361 GC heap after
Heap after GC invocations=11 (full 2):
 PSYoungGen      total 146944K, used 13814K [0x00000000e0000000, 0x00000000ec700000, 0x0000000100000000)
  eden space 133120K, 0% used [0x00000000e0000000,0x00000000e0000000,0x00000000e8200000)
  from space 13824K, 99% used [0x00000000e8200000,0x00000000e8f7d880,0x00000000e8f80000)
  to   space 16896K, 0% used [0x00000000eb680000,0x00000000eb680000,0x00000000ec700000)
 ParOldGen       total 92672K, used 20598K [0x00000000a0000000, 0x00000000a5a80000, 0x00000000e0000000)
  object space 92672K, 22% used [0x00000000a0000000,0x00000000a141da78,0x00000000a5a80000)
 Metaspace       used 45661K, capacity 46838K, committed 46976K, reserved 1089536K
  class space    used 6159K, capacity 6516K, committed 6528K, reserved 1048576K
}
Event: 13.444 GC heap before
{Heap before GC invocations=12 (full 2):
 PSYoungGen      total 146944K, used 146934K [0x00000000e0000000, 0x00000000ec700000, 0x0000000100000000)
  eden space 133120K, 100% used [0x00000000e0000000,0x00000000e8200000,0x00000000e8200000)
  from space 13824K, 99% used [0x00000000e8200000,0x00000000e8f7d880,0x00000000e8f80000)
  to   space 16896K, 0% used [0x00000000eb680000,0x00000000eb680000,0x00000000ec700000)
 ParOldGen       total 92672K, used 20598K [0x00000000a0000000, 0x00000000a5a80000, 0x00000000e0000000)
  object space 92672K, 22% used [0x00000000a0000000,0x00000000a141da78,0x00000000a5a80000)
 Metaspace       used 54331K, capacity 55984K, committed 56320K, reserved 1097728K
  class space    used 7352K, capacity 7861K, committed 7936K, reserved 1048576K
Event: 13.496 GC heap after
Heap after GC invocations=12 (full 2):
 PSYoungGen      total 182784K, used 16868K [0x00000000e0000000, 0x00000000ed080000, 0x0000000100000000)
  eden space 165888K, 0% used [0x00000000e0000000,0x00000000e0000000,0x00000000ea200000)
  from space 16896K, 99% used [0x00000000eb680000,0x00000000ec6f9340,0x00000000ec700000)
  to   space 20992K, 0% used [0x00000000ea200000,0x00000000ea200000,0x00000000eb680000)
 ParOldGen       total 92672K, used 26816K [0x00000000a0000000, 0x00000000a5a80000, 0x00000000e0000000)
  object space 92672K, 28% used [0x00000000a0000000,0x00000000a1a30058,0x00000000a5a80000)
 Metaspace       used 54331K, capacity 55984K, committed 56320K, reserved 1097728K
  class space    used 7352K, capacity 7861K, committed 7936K, reserved 1048576K
}
Event: 19.390 GC heap before
{Heap before GC invocations=13 (full 2):
 PSYoungGen      total 182784K, used 104018K [0x00000000e0000000, 0x00000000ed080000, 0x0000000100000000)
  eden space 165888K, 52% used [0x00000000e0000000,0x00000000e551b620,0x00000000ea200000)
  from space 16896K, 99% used [0x00000000eb680000,0x00000000ec6f9340,0x00000000ec700000)
  to   space 20992K, 0% used [0x00000000ea200000,0x00000000ea200000,0x00000000eb680000)
 ParOldGen       total 92672K, used 26816K [0x00000000a0000000, 0x00000000a5a80000, 0x00000000e0000000)
  object space 92672K, 28% used [0x00000000a0000000,0x00000000a1a30058,0x00000000a5a80000)
 Metaspace       used 57048K, capacity 59004K, committed 59136K, reserved 1099776K
  class space    used 7769K, capacity 8321K, committed 8448K, reserved 1048576K

