# JRE version: OpenJDK Runtime Environment (8.0_202) (build 1.8.0_202-release-1483-b49-5587405)
# Java VM: OpenJDK 64-Bit Server VM (25.202-b49-5587405 mixed mode linux-amd64 compressed oops)
Heap:
 PSYoungGen      total 128000K, used 5120K [0x00000000e0000000, 0x00000000e8200000, 0x0000000100000000)
  eden space 122880K, 0% used [0x00000000e0000000,0x00000000e0000000,0x00000000e7800000)
  from space 5120K, 100% used [0x00000000e7800000,0x00000000e7d00000,0x00000000e7d00000)
  to   space 5120K, 0% used [0x00000000e7d00000,0x00000000e7d00000,0x00000000e8200000)
 ParOldGen       total 61952K, used 19948K [0x00000000a0000000, 0x00000000a3c80000, 0x00000000e0000000)
  object space 61952K, 32% used [0x00000000a0000000,0x00000000a137b008,0x00000000a3c80000)
 Metaspace       used 31333K, capacity 31898K, committed 32000K, reserved 1077248K
  class space    used 4397K, capacity 4592K, committed 4608K, reserved 1048576K
GC Heap History (10 events):
Event: 0.600 GC heap after
Heap after GC invocations=1 (full 0):
 PSYoungGen      total 35840K, used 4136K [0x00000000e0000000, 0x00000000e4600000, 0x0000000100000000)
  eden space 30720K, 0% used [0x00000000e0000000,0x00000000e0000000,0x00000000e1e00000)
  from space 5120K, 80% used [0x00000000e1e00000,0x00000000e220a1a8,0x00000000e2300000)
  to   space 5120K, 0% used [0x00000000e4100000,0x00000000e4100000,0x00000000e4600000)
 ParOldGen       total 81920K, used 8K [0x00000000a0000000, 0x00000000a5000000, 0x00000000e0000000)
  object space 81920K, 0% used [0x00000000a0000000,0x00000000a0002000,0x00000000a5000000)
 Metaspace       used 6832K, capacity 7024K, committed 7296K, reserved 1056768K
  class space    used 841K, capacity 876K, committed 896K, reserved 1048576K
}
Event: 0.922 GC heap before
{Heap before GC invocations=2 (full 0):
 PSYoungGen      total 35840K, used 34856K [0x00000000e0000000, 0x00000000e4600000, 0x0000000100000000)
  eden space 30720K, 100% used [0x00000000e0000000,0x00000000e1e00000,0x00000000e1e00000)
  from space 5120K, 80% used [0x00000000e1e00000,0x00000000e220a1a8,0x00000000e2300000)
  to   space 5120K, 0% used [0x00000000e4100000,0x00000000e4100000,0x00000000e4600000)
 ParOldGen       total 81920K, used 8K [0x00000000a0000000, 0x00000000a5000000, 0x00000000e0000000)
  object space 81920K, 0% used [0x00000000a0000000,0x00000000a0002000,0x00000000a5000000)
 Metaspace       used 8540K, capacity 8746K, committed 8960K, reserved 1056768K
  class space    used 1110K, capacity 1173K, committed 1280K, reserved 1048576K
Event: 0.927 GC heap after
Heap after GC invocations=2 (full 0):
 PSYoungGen      total 66560K, used 4225K [0x00000000e0000000, 0x00000000e4600000, 0x0000000100000000)
  eden space 61440K, 0% used [0x00000000e0000000,0x00000000e0000000,0x00000000e3c00000)
  from space 5120K, 82% used [0x00000000e4100000,0x00000000e4520588,0x00000000e4600000)
  to   space 5120K, 0% used [0x00000000e3c00000,0x00000000e3c00000,0x00000000e4100000)
 ParOldGen       total 81920K, used 24K [0x00000000a0000000, 0x00000000a5000000, 0x00000000e0000000)
  object space 81920K, 0% used [0x00000000a0000000,0x00000000a0006000,0x00000000a5000000)
 Metaspace       used 8540K, capacity 8746K, committed 8960K, reserved 1056768K
  class space    used 1110K, capacity 1173K, committed 1280K, reserved 1048576K
}
Event: 1.813 GC heap before
{Heap before GC invocations=3 (full 0):
 PSYoungGen      total 66560K, used 65665K [0x00000000e0000000, 0x00000000e4600000, 0x0000000100000000)
  eden space 61440K, 100% used [0x00000000e0000000,0x00000000e3c00000,0x00000000e3c00000)
  from space 5120K, 82% used [0x00000000e4100000,0x00000000e4520588,0x00000000e4600000)
  to   space 5120K, 0% used [0x00000000e3c00000,0x00000000e3c00000,0x00000000e4100000)
 ParOldGen       total 81920K, used 24K [0x00000000a0000000, 0x00000000a5000000, 0x00000000e0000000)
  object space 81920K, 0% used [0x00000000a0000000,0x00000000a0006000,0x00000000a5000000)
 Metaspace       used 15119K, capacity 15502K, committed 15616K, reserved 1062912K
  class space    used 2154K, capacity 2295K, committed 2304K, reserved 1048576K
Event: 1.859 GC heap after
Heap after GC invocations=3 (full 0):
 PSYoungGen      total 66560K, used 5088K [0x00000000e0000000, 0x00000000e8200000, 0x0000000100000000)
  eden space 61440K, 0% used [0x00000000e0000000,0x00000000e0000000,0x00000000e3c00000)
  from space 5120K, 99% used [0x00000000e3c00000,0x00000000e40f8050,0x00000000e4100000)
  to   space 5120K, 0% used [0x00000000e7d00000,0x00000000e7d00000,0x00000000e8200000)
 ParOldGen       total 81920K, used 4714K [0x00000000a0000000, 0x00000000a5000000, 0x00000000e0000000)
  object space 81920K, 5% used [0x00000000a0000000,0x00000000a049a910,0x00000000a5000000)
 Metaspace       used 15119K, capacity 15502K, committed 15616K, reserved 1062912K
  class space    used 2154K, capacity 2295K, committed 2304K, reserved 1048576K
}
Event: 2.952 GC heap before
{Heap before GC invocations=4 (full 0):
 PSYoungGen      total 66560K, used 61651K [0x00000000e0000000, 0x00000000e8200000, 0x0000000100000000)
  eden space 61440K, 92% used [0x00000000e0000000,0x00000000e373cd28,0x00000000e3c00000)
  from space 5120K, 99% used [0x00000000e3c00000,0x00000000e40f8050,0x00000000e4100000)
  to   space 5120K, 0% used [0x00000000e7d00000,0x00000000e7d00000,0x00000000e8200000)
 ParOldGen       total 81920K, used 4714K [0x00000000a0000000, 0x00000000a5000000, 0x00000000e0000000)
  object space 81920K, 5% used [0x00000000a0000000,0x00000000a049a910,0x00000000a5000000)
 Metaspace       used 20732K, capacity 21174K, committed 21296K, reserved 1067008K
  class space    used 2950K, capacity 3124K, committed 3200K, reserved 1048576K
Event: 2.966 GC heap after
Heap after GC invocations=4 (full 0):
 PSYoungGen      total 128000K, used 5093K [0x00000000e0000000, 0x00000000e8200000, 0x0000000100000000)
  eden space 122880K, 0% used [0x00000000e0000000,0x00000000e0000000,0x00000000e7800000)
  from space 5120K, 99% used [0x00000000e7d00000,0x00000000e81f9608,0x00000000e8200000)
  to   space 5120K, 0% used [0x00000000e7800000,0x00000000e7800000,0x00000000e7d00000)
 ParOldGen       total 81920K, used 11582K [0x00000000a0000000, 0x00000000a5000000, 0x00000000e0000000)
  object space 81920K, 14% used [0x00000000a0000000,0x00000000a0b4fa60,0x00000000a5000000)
 Metaspace       used 20732K, capacity 21174K, committed 21296K, reserved 1067008K
  class space    used 2950K, capacity 3124K, committed 3200K, reserved 1048576K
}
Event: 2.966 GC heap before
{Heap before GC invocations=5 (full 1):
 PSYoungGen      total 128000K, used 5093K [0x00000000e0000000, 0x00000000e8200000, 0x0000000100000000)
  eden space 122880K, 0% used [0x00000000e0000000,0x00000000e0000000,0x00000000e7800000)
  from space 5120K, 99% used [0x00000000e7d00000,0x00000000e81f9608,0x00000000e8200000)
  to   space 5120K, 0% used [0x00000000e7800000,0x00000000e7800000,0x00000000e7d00000)
 ParOldGen       total 81920K, used 11582K [0x00000000a0000000, 0x00000000a5000000, 0x00000000e0000000)
  object space 81920K, 14% used [0x00000000a0000000,0x00000000a0b4fa60,0x00000000a5000000)
 Metaspace       used 20732K, capacity 21174K, committed 21296K, reserved 1067008K
  class space    used 2950K, capacity 3124K, committed 3200K, reserved 1048576K
Event: 3.009 GC heap after
Heap after GC invocations=5 (full 1):
 PSYoungGen      total 128000K, used 0K [0x00000000e0000000, 0x00000000e8200000, 0x0000000100000000)
  eden space 122880K, 0% used [0x00000000e0000000,0x00000000e0000000,0x00000000e7800000)
  from space 5120K, 0% used [0x00000000e7d00000,0x00000000e7d00000,0x00000000e8200000)
  to   space 5120K, 0% used [0x00000000e7800000,0x00000000e7800000,0x00000000e7d00000)
 ParOldGen       total 61952K, used 11636K [0x00000000a0000000, 0x00000000a3c80000, 0x00000000e0000000)
  object space 61952K, 18% used [0x00000000a0000000,0x00000000a0b5d278,0x00000000a3c80000)
 Metaspace       used 20732K, capacity 21174K, committed 21296K, reserved 1067008K
  class space    used 2950K, capacity 3124K, committed 3200K, reserved 1048576K
}
Event: 5.870 GC heap before
{Heap before GC invocations=6 (full 1):
 PSYoungGen      total 128000K, used 122880K [0x00000000e0000000, 0x00000000e8200000, 0x0000000100000000)
  eden space 122880K, 100% used [0x00000000e0000000,0x00000000e7800000,0x00000000e7800000)
  from space 5120K, 0% used [0x00000000e7d00000,0x00000000e7d00000,0x00000000e8200000)
  to   space 5120K, 0% used [0x00000000e7800000,0x00000000e7800000,0x00000000e7d00000)
 ParOldGen       total 61952K, used 11636K [0x00000000a0000000, 0x00000000a3c80000, 0x00000000e0000000)
  object space 61952K, 18% used [0x00000000a0000000,0x00000000a0b5d278,0x00000000a3c80000)
 Metaspace       used 31333K, capacity 31898K, committed 32000K, reserved 1077248K
  class space    used 4397K, capacity 4592K, committed 4608K, reserved 1048576K

