# JRE version: OpenJDK Runtime Environment (8.0_202) (build 1.8.0_202-release-1483-b49-5587405)
# Java VM: OpenJDK 64-Bit Server VM (25.202-b49-5587405 mixed mode linux-amd64 compressed oops)
Heap:
 PSYoungGen      total 397312K, used 0K [0x00000000e0000000, 0x0000000100000000, 0x0000000100000000)
  eden space 270336K, 0% used [0x00000000e0000000,0x00000000e0000000,0x00000000f0800000)
  from space 126976K, 0% used [0x00000000f8400000,0x00000000f8400000,0x0000000100000000)
  to   space 126976K, 0% used [0x00000000f0800000,0x00000000f0800000,0x00000000f8400000)
 ParOldGen       total 221184K, used 103454K [0x00000000a0000000, 0x00000000ad800000, 0x00000000e0000000)
  object space 221184K, 46% used [0x00000000a0000000,0x00000000a65079d8,0x00000000ad800000)
 Metaspace       used 106793K, capacity 114176K, committed 119720K, reserved 1153024K
  class space    used 13300K, capacity 14562K, committed 15528K, reserved 1048576K
GC Heap History (10 events):
Event: 7546.739 GC heap after
Heap after GC invocations=40 (full 4):
 PSYoungGen      total 421376K, used 49657K [0x00000000e0000000, 0x0000000100000000, 0x0000000100000000)
  eden space 371712K, 0% used [0x00000000e0000000,0x00000000e0000000,0x00000000f6b00000)
  from space 49664K, 99% used [0x00000000fcf80000,0x00000000ffffe5e8,0x0000000100000000)
  to   space 76288K, 0% used [0x00000000f6b00000,0x00000000f6b00000,0x00000000fb580000)
 ParOldGen       total 221184K, used 120608K [0x00000000a0000000, 0x00000000ad800000, 0x00000000e0000000)
  object space 221184K, 54% used [0x00000000a0000000,0x00000000a75c82c0,0x00000000ad800000)
 Metaspace       used 100175K, capacity 108404K, committed 108584K, reserved 1144832K
  class space    used 12624K, capacity 14057K, committed 14120K, reserved 1048576K
}
Event: 7551.241 GC heap before
{Heap before GC invocations=41 (full 4):
 PSYoungGen      total 421376K, used 421369K [0x00000000e0000000, 0x0000000100000000, 0x0000000100000000)
  eden space 371712K, 100% used [0x00000000e0000000,0x00000000f6b00000,0x00000000f6b00000)
  from space 49664K, 99% used [0x00000000fcf80000,0x00000000ffffe5e8,0x0000000100000000)
  to   space 76288K, 0% used [0x00000000f6b00000,0x00000000f6b00000,0x00000000fb580000)
 ParOldGen       total 221184K, used 120608K [0x00000000a0000000, 0x00000000ad800000, 0x00000000e0000000)
  object space 221184K, 54% used [0x00000000a0000000,0x00000000a75c82c0,0x00000000ad800000)
 Metaspace       used 101975K, capacity 110292K, committed 110504K, reserved 1144832K
  class space    used 12719K, capacity 14153K, committed 14248K, reserved 1048576K
Event: 7551.456 GC heap after
Heap after GC invocations=41 (full 4):
 PSYoungGen      total 448000K, used 76266K [0x00000000e0000000, 0x0000000100000000, 0x0000000100000000)
  eden space 371712K, 0% used [0x00000000e0000000,0x00000000e0000000,0x00000000f6b00000)
  from space 76288K, 99% used [0x00000000f6b00000,0x00000000fb57aa88,0x00000000fb580000)
  to   space 76288K, 0% used [0x00000000fb580000,0x00000000fb580000,0x0000000100000000)
 ParOldGen       total 221184K, used 151565K [0x00000000a0000000, 0x00000000ad800000, 0x00000000e0000000)
  object space 221184K, 68% used [0x00000000a0000000,0x00000000a94037a0,0x00000000ad800000)
 Metaspace       used 101975K, capacity 110292K, committed 110504K, reserved 1144832K
  class space    used 12719K, capacity 14153K, committed 14248K, reserved 1048576K
}
Event: 7569.473 GC heap before
{Heap before GC invocations=42 (full 4):
 PSYoungGen      total 448000K, used 447978K [0x00000000e0000000, 0x0000000100000000, 0x0000000100000000)
  eden space 371712K, 100% used [0x00000000e0000000,0x00000000f6b00000,0x00000000f6b00000)
  from space 76288K, 99% used [0x00000000f6b00000,0x00000000fb57aa88,0x00000000fb580000)
  to   space 76288K, 0% used [0x00000000fb580000,0x00000000fb580000,0x0000000100000000)
 ParOldGen       total 221184K, used 151565K [0x00000000a0000000, 0x00000000ad800000, 0x00000000e0000000)
  object space 221184K, 68% used [0x00000000a0000000,0x00000000a94037a0,0x00000000ad800000)
 Metaspace       used 107523K, capacity 116464K, committed 116648K, reserved 1150976K
  class space    used 13591K, capacity 15153K, committed 15272K, reserved 1048576K
Event: 7571.459 GC heap after
Heap after GC invocations=42 (full 4):
 PSYoungGen      total 369152K, used 76261K [0x00000000e0000000, 0x0000000100000000, 0x0000000100000000)
  eden space 292864K, 0% used [0x00000000e0000000,0x00000000e0000000,0x00000000f1e00000)
  from space 76288K, 99% used [0x00000000fb580000,0x00000000ffff94a0,0x0000000100000000)
  to   space 115712K, 0% used [0x00000000f1e00000,0x00000000f1e00000,0x00000000f8f00000)
 ParOldGen       total 221184K, used 175168K [0x00000000a0000000, 0x00000000ad800000, 0x00000000e0000000)
  object space 221184K, 79% used [0x00000000a0000000,0x00000000aab10018,0x00000000ad800000)
 Metaspace       used 107523K, capacity 116464K, committed 116648K, reserved 1150976K
  class space    used 13591K, capacity 15153K, committed 15272K, reserved 1048576K
}
Event: 7575.392 GC heap before
{Heap before GC invocations=43 (full 4):
 PSYoungGen      total 369152K, used 369125K [0x00000000e0000000, 0x0000000100000000, 0x0000000100000000)
  eden space 292864K, 100% used [0x00000000e0000000,0x00000000f1e00000,0x00000000f1e00000)
  from space 76288K, 99% used [0x00000000fb580000,0x00000000ffff94a0,0x0000000100000000)
  to   space 115712K, 0% used [0x00000000f1e00000,0x00000000f1e00000,0x00000000f8f00000)
 ParOldGen       total 221184K, used 175168K [0x00000000a0000000, 0x00000000ad800000, 0x00000000e0000000)
  object space 221184K, 79% used [0x00000000a0000000,0x00000000aab10018,0x00000000ad800000)
 Metaspace       used 110067K, capacity 119172K, committed 119464K, reserved 1153024K
  class space    used 13896K, capacity 15463K, committed 15528K, reserved 1048576K
Event: 7575.571 GC heap after
Heap after GC invocations=43 (full 4):
 PSYoungGen      total 387584K, used 94265K [0x00000000e0000000, 0x0000000100000000, 0x0000000100000000)
  eden space 292864K, 0% used [0x00000000e0000000,0x00000000e0000000,0x00000000f1e00000)
  from space 94720K, 99% used [0x00000000f1e00000,0x00000000f7a0e5f8,0x00000000f7a80000)
  to   space 126976K, 0% used [0x00000000f8400000,0x00000000f8400000,0x0000000100000000)
 ParOldGen       total 221184K, used 175208K [0x00000000a0000000, 0x00000000ad800000, 0x00000000e0000000)
  object space 221184K, 79% used [0x00000000a0000000,0x00000000aab1a018,0x00000000ad800000)
 Metaspace       used 110067K, capacity 119172K, committed 119464K, reserved 1153024K
  class space    used 13896K, capacity 15463K, committed 15528K, reserved 1048576K
}
Event: 7578.124 GC heap before
{Heap before GC invocations=44 (full 4):
 PSYoungGen      total 387584K, used 387129K [0x00000000e0000000, 0x0000000100000000, 0x0000000100000000)
  eden space 292864K, 100% used [0x00000000e0000000,0x00000000f1e00000,0x00000000f1e00000)
  from space 94720K, 99% used [0x00000000f1e00000,0x00000000f7a0e5f8,0x00000000f7a80000)
  to   space 126976K, 0% used [0x00000000f8400000,0x00000000f8400000,0x0000000100000000)
 ParOldGen       total 221184K, used 175208K [0x00000000a0000000, 0x00000000ad800000, 0x00000000e0000000)
  object space 221184K, 79% used [0x00000000a0000000,0x00000000aab1a018,0x00000000ad800000)
 Metaspace       used 110420K, capacity 119524K, committed 119720K, reserved 1153024K
  class space    used 13906K, capacity 15465K, committed 15528K, reserved 1048576K
Event: 7578.378 GC heap after
Heap after GC invocations=44 (full 4):
 PSYoungGen      total 397312K, used 71971K [0x00000000e0000000, 0x0000000100000000, 0x0000000100000000)
  eden space 270336K, 0% used [0x00000000e0000000,0x00000000e0000000,0x00000000f0800000)
  from space 126976K, 56% used [0x00000000f8400000,0x00000000fca48f30,0x0000000100000000)
  to   space 126976K, 0% used [0x00000000f0800000,0x00000000f0800000,0x00000000f8400000)
 ParOldGen       total 221184K, used 197684K [0x00000000a0000000, 0x00000000ad800000, 0x00000000e0000000)
  object space 221184K, 89% used [0x00000000a0000000,0x00000000ac10d140,0x00000000ad800000)
 Metaspace       used 110420K, capacity 119524K, committed 119720K, reserved 1153024K
  class space    used 13906K, capacity 15465K, committed 15528K, reserved 1048576K
}
Event: 7578.401 GC heap before
{Heap before GC invocations=45 (full 5):
 PSYoungGen      total 397312K, used 71971K [0x00000000e0000000, 0x0000000100000000, 0x0000000100000000)
  eden space 270336K, 0% used [0x00000000e0000000,0x00000000e0000000,0x00000000f0800000)
  from space 126976K, 56% used [0x00000000f8400000,0x00000000fca48f30,0x0000000100000000)
  to   space 126976K, 0% used [0x00000000f0800000,0x00000000f0800000,0x00000000f8400000)
 ParOldGen       total 221184K, used 197684K [0x00000000a0000000, 0x00000000ad800000, 0x00000000e0000000)
  object space 221184K, 89% used [0x00000000a0000000,0x00000000ac10d140,0x00000000ad800000)
 Metaspace       used 110420K, capacity 119524K, committed 119720K, reserved 1153024K
  class space    used 13906K, capacity 15465K, committed 15528K, reserved 1048576K

