# JRE version: OpenJDK Runtime Environment (8.0_202) (build 1.8.0_202-release-1483-b49-5587405)
# Java VM: OpenJDK 64-Bit Server VM (25.202-b49-5587405 mixed mode linux-amd64 compressed oops)
Heap:
 PSYoungGen      total 128000K, used 5104K [0x00000000e0000000, 0x00000000e8200000, 0x0000000100000000)
  eden space 122880K, 0% used [0x00000000e0000000,0x00000000e0000000,0x00000000e7800000)
  from space 5120K, 99% used [0x00000000e7800000,0x00000000e7cfc010,0x00000000e7d00000)
  to   space 5120K, 0% used [0x00000000e7d00000,0x00000000e7d00000,0x00000000e8200000)
 ParOldGen       total 59904K, used 19708K [0x00000000a0000000, 0x00000000a3a80000, 0x00000000e0000000)
  object space 59904K, 32% used [0x00000000a0000000,0x00000000a133f190,0x00000000a3a80000)
 Metaspace       used 31323K, capacity 31892K, committed 32000K, reserved 1077248K
  class space    used 4384K, capacity 4591K, committed 4608K, reserved 1048576K
GC Heap History (10 events):
Event: 1.740 GC heap after
Heap after GC invocations=1 (full 0):
 PSYoungGen      total 35840K, used 4092K [0x00000000e0000000, 0x00000000e4600000, 0x0000000100000000)
  eden space 30720K, 0% used [0x00000000e0000000,0x00000000e0000000,0x00000000e1e00000)
  from space 5120K, 79% used [0x00000000e1e00000,0x00000000e21ff3f0,0x00000000e2300000)
  to   space 5120K, 0% used [0x00000000e4100000,0x00000000e4100000,0x00000000e4600000)
 ParOldGen       total 81920K, used 8K [0x00000000a0000000, 0x00000000a5000000, 0x00000000e0000000)
  object space 81920K, 0% used [0x00000000a0000000,0x00000000a0002000,0x00000000a5000000)
 Metaspace       used 6857K, capacity 7024K, committed 7296K, reserved 1056768K
  class space    used 841K, capacity 876K, committed 896K, reserved 1048576K
}
Event: 2.324 GC heap before
{Heap before GC invocations=2 (full 0):
 PSYoungGen      total 35840K, used 34812K [0x00000000e0000000, 0x00000000e4600000, 0x0000000100000000)
  eden space 30720K, 100% used [0x00000000e0000000,0x00000000e1e00000,0x00000000e1e00000)
  from space 5120K, 79% used [0x00000000e1e00000,0x00000000e21ff3f0,0x00000000e2300000)
  to   space 5120K, 0% used [0x00000000e4100000,0x00000000e4100000,0x00000000e4600000)
 ParOldGen       total 81920K, used 8K [0x00000000a0000000, 0x00000000a5000000, 0x00000000e0000000)
  object space 81920K, 0% used [0x00000000a0000000,0x00000000a0002000,0x00000000a5000000)
 Metaspace       used 8677K, capacity 8884K, committed 9216K, reserved 1056768K
  class space    used 1128K, capacity 1178K, committed 1280K, reserved 1048576K
Event: 2.352 GC heap after
Heap after GC invocations=2 (full 0):
 PSYoungGen      total 66560K, used 4292K [0x00000000e0000000, 0x00000000e4600000, 0x0000000100000000)
  eden space 61440K, 0% used [0x00000000e0000000,0x00000000e0000000,0x00000000e3c00000)
  from space 5120K, 83% used [0x00000000e4100000,0x00000000e4531398,0x00000000e4600000)
  to   space 5120K, 0% used [0x00000000e3c00000,0x00000000e3c00000,0x00000000e4100000)
 ParOldGen       total 81920K, used 8K [0x00000000a0000000, 0x00000000a5000000, 0x00000000e0000000)
  object space 81920K, 0% used [0x00000000a0000000,0x00000000a0002000,0x00000000a5000000)
 Metaspace       used 8677K, capacity 8884K, committed 9216K, reserved 1056768K
  class space    used 1128K, capacity 1178K, committed 1280K, reserved 1048576K
}
Event: 3.596 GC heap before
{Heap before GC invocations=3 (full 0):
 PSYoungGen      total 66560K, used 65732K [0x00000000e0000000, 0x00000000e4600000, 0x0000000100000000)
  eden space 61440K, 100% used [0x00000000e0000000,0x00000000e3c00000,0x00000000e3c00000)
  from space 5120K, 83% used [0x00000000e4100000,0x00000000e4531398,0x00000000e4600000)
  to   space 5120K, 0% used [0x00000000e3c00000,0x00000000e3c00000,0x00000000e4100000)
 ParOldGen       total 81920K, used 8K [0x00000000a0000000, 0x00000000a5000000, 0x00000000e0000000)
  object space 81920K, 0% used [0x00000000a0000000,0x00000000a0002000,0x00000000a5000000)
 Metaspace       used 15084K, capacity 15438K, committed 15616K, reserved 1062912K
  class space    used 2153K, capacity 2295K, committed 2304K, reserved 1048576K
Event: 3.627 GC heap after
Heap after GC invocations=3 (full 0):
 PSYoungGen      total 66560K, used 5104K [0x00000000e0000000, 0x00000000e8200000, 0x0000000100000000)
  eden space 61440K, 0% used [0x00000000e0000000,0x00000000e0000000,0x00000000e3c00000)
  from space 5120K, 99% used [0x00000000e3c00000,0x00000000e40fc020,0x00000000e4100000)
  to   space 5120K, 0% used [0x00000000e7d00000,0x00000000e7d00000,0x00000000e8200000)
 ParOldGen       total 81920K, used 4600K [0x00000000a0000000, 0x00000000a5000000, 0x00000000e0000000)
  object space 81920K, 5% used [0x00000000a0000000,0x00000000a047e3f0,0x00000000a5000000)
 Metaspace       used 15084K, capacity 15438K, committed 15616K, reserved 1062912K
  class space    used 2153K, capacity 2295K, committed 2304K, reserved 1048576K
}
Event: 5.158 GC heap before
{Heap before GC invocations=4 (full 0):
 PSYoungGen      total 66560K, used 61885K [0x00000000e0000000, 0x00000000e8200000, 0x0000000100000000)
  eden space 61440K, 92% used [0x00000000e0000000,0x00000000e3773670,0x00000000e3c00000)
  from space 5120K, 99% used [0x00000000e3c00000,0x00000000e40fc020,0x00000000e4100000)
  to   space 5120K, 0% used [0x00000000e7d00000,0x00000000e7d00000,0x00000000e8200000)
 ParOldGen       total 81920K, used 4600K [0x00000000a0000000, 0x00000000a5000000, 0x00000000e0000000)
  object space 81920K, 5% used [0x00000000a0000000,0x00000000a047e3f0,0x00000000a5000000)
 Metaspace       used 20691K, capacity 21174K, committed 21296K, reserved 1067008K
  class space    used 2956K, capacity 3124K, committed 3200K, reserved 1048576K
Event: 5.177 GC heap after
Heap after GC invocations=4 (full 0):
 PSYoungGen      total 128000K, used 5119K [0x00000000e0000000, 0x00000000e8200000, 0x0000000100000000)
  eden space 122880K, 0% used [0x00000000e0000000,0x00000000e0000000,0x00000000e7800000)
  from space 5120K, 99% used [0x00000000e7d00000,0x00000000e81ffcf0,0x00000000e8200000)
  to   space 5120K, 0% used [0x00000000e7800000,0x00000000e7800000,0x00000000e7d00000)
 ParOldGen       total 81920K, used 11384K [0x00000000a0000000, 0x00000000a5000000, 0x00000000e0000000)
  object space 81920K, 13% used [0x00000000a0000000,0x00000000a0b1e3e8,0x00000000a5000000)
 Metaspace       used 20691K, capacity 21174K, committed 21296K, reserved 1067008K
  class space    used 2956K, capacity 3124K, committed 3200K, reserved 1048576K
}
Event: 5.177 GC heap before
{Heap before GC invocations=5 (full 1):
 PSYoungGen      total 128000K, used 5119K [0x00000000e0000000, 0x00000000e8200000, 0x0000000100000000)
  eden space 122880K, 0% used [0x00000000e0000000,0x00000000e0000000,0x00000000e7800000)
  from space 5120K, 99% used [0x00000000e7d00000,0x00000000e81ffcf0,0x00000000e8200000)
  to   space 5120K, 0% used [0x00000000e7800000,0x00000000e7800000,0x00000000e7d00000)
 ParOldGen       total 81920K, used 11384K [0x00000000a0000000, 0x00000000a5000000, 0x00000000e0000000)
  object space 81920K, 13% used [0x00000000a0000000,0x00000000a0b1e3e8,0x00000000a5000000)
 Metaspace       used 20691K, capacity 21174K, committed 21296K, reserved 1067008K
  class space    used 2956K, capacity 3124K, committed 3200K, reserved 1048576K
Event: 5.228 GC heap after
Heap after GC invocations=5 (full 1):
 PSYoungGen      total 128000K, used 0K [0x00000000e0000000, 0x00000000e8200000, 0x0000000100000000)
  eden space 122880K, 0% used [0x00000000e0000000,0x00000000e0000000,0x00000000e7800000)
  from space 5120K, 0% used [0x00000000e7d00000,0x00000000e7d00000,0x00000000e8200000)
  to   space 5120K, 0% used [0x00000000e7800000,0x00000000e7800000,0x00000000e7d00000)
 ParOldGen       total 59904K, used 11593K [0x00000000a0000000, 0x00000000a3a80000, 0x00000000e0000000)
  object space 59904K, 19% used [0x00000000a0000000,0x00000000a0b525b8,0x00000000a3a80000)
 Metaspace       used 20691K, capacity 21174K, committed 21296K, reserved 1067008K
  class space    used 2956K, capacity 3124K, committed 3200K, reserved 1048576K
}
Event: 9.752 GC heap before
{Heap before GC invocations=6 (full 1):
 PSYoungGen      total 128000K, used 122880K [0x00000000e0000000, 0x00000000e8200000, 0x0000000100000000)
  eden space 122880K, 100% used [0x00000000e0000000,0x00000000e7800000,0x00000000e7800000)
  from space 5120K, 0% used [0x00000000e7d00000,0x00000000e7d00000,0x00000000e8200000)
  to   space 5120K, 0% used [0x00000000e7800000,0x00000000e7800000,0x00000000e7d00000)
 ParOldGen       total 59904K, used 11593K [0x00000000a0000000, 0x00000000a3a80000, 0x00000000e0000000)
  object space 59904K, 19% used [0x00000000a0000000,0x00000000a0b525b8,0x00000000a3a80000)
 Metaspace       used 31323K, capacity 31892K, committed 32000K, reserved 1077248K
  class space    used 4384K, capacity 4591K, committed 4608K, reserved 1048576K

